timer.cu(50): warning: variable "start" was declared but never referenced

timer.cu(50): warning: variable "stop" was declared but never referenced

++++++++++++++++++++++++
Alpha: 7.62939e+11
Number of Segments: 89
Breakpoints: 2 4 6 8 10 12 15 18 21 24 27 30 33 35 37 39 41 43 45 47 49 51 53 55 57 59 61 63 65 67 69 71 73 75 77 79 81 83 85 87 89 91 93 95 97 99 101 103 105 107 109 111 113 115 117 119 121 123 125 127 129 131 133 135 137 139 141 143 145 147 150 152 154 156 158 160 162 164 166 168 170 172 174 176 178 180 182 184 186 188 190 192 194 196 198 200 
++++++++++++++++++++++++
Alpha: 3.8147e+12
Number of Segments: 71
Breakpoints: 2 4 6 9 13 17 22 27 32 36 40 44 48 52 56 59 62 65 68 71 74 77 80 83 86 88 90 92 94 96 98 100 102 104 106 108 110 112 114 116 119 122 125 128 131 134 138 142 146 150 152 154 156 158 160 162 164 166 168 170 172 174 176 178 180 182 184 186 188 190 192 194 196 198 200 
++++++++++++++++++++++++
Alpha: 1.90735e+13
Number of Segments: 41
Breakpoints: 2 4 7 14 22 31 39 46 53 59 65 71 76 81 86 91 95 99 103 107 111 116 121 127 133 140 147 151 153 155 158 161 164 167 170 173 176 179 182 185 189 193 197 200 
++++++++++++++++++++++++
Alpha: 9.53674e+13
Number of Segments: 22
Breakpoints: 2 5 17 32 47 60 72 83 94 104 114 125 137 150 152 156 162 168 174 181 188 196 200 
++++++++++++++++++++++++
Alpha: 4.76837e+14
Number of Segments: 11
Breakpoints: 3 22 49 75 98 121 147 152 163 177 193 200 
++++++++++++++++++++++++
Alpha: 2.38419e+15
Number of Segments: 5
Breakpoints: 9 59 108 152 180 200 
++++++++++++++++++++++++
Alpha: 1.19209e+16
Number of Segments: 2
Breakpoints: 77 157 200 
++++++++++++++++++++++++
Alpha: 5.96046e+16
Number of Segments: 1
Breakpoints: 168 200 
++++++++++++++++++++++++
Alpha: 0
Breakpoints: 2 4 6 8 10 12 14 16 18 20 22 24 26 28 30 32 34 36 38 40 42 44 46 48 50 52 54 56 58 60 62 64 66 68 70 72 74 76 78 80 82 84 86 88 90 92 94 96 98 100 102 104 106 108 110 112 114 116 118 120 122 124 126 128 130 132 134 136 138 140 142 144 146 148 150 152 154 156 158 160 162 164 166 168 170 172 174 176 178 180 182 184 186 188 190 192 194 196 198 
Upper:9.21112e+16 Lower: 2.86173e+11
Time: 1539.2
