timer.cu(50): warning: variable "start" was declared but never referenced

timer.cu(50): warning: variable "stop" was declared but never referenced

++++++++++++++++++++++++
Alpha: 7.62939e+11
Number of Segments: 185
Breakpoints: 2 4 6 8 10 12 15 18 21 24 27 30 33 35 37 39 41 43 45 47 49 51 53 55 57 59 61 63 65 67 69 71 73 75 77 79 81 83 85 87 89 91 93 95 97 99 101 103 105 107 109 111 113 115 117 119 121 123 125 127 129 131 133 135 137 139 141 143 145 147 150 152 154 156 158 160 162 164 166 168 170 172 174 176 178 180 182 184 186 188 190 192 194 196 198 200 202 204 206 208 210 212 214 216 218 220 222 224 226 228 230 232 234 236 238 240 242 244 246 248 250 253 256 258 260 262 264 266 268 270 272 274 276 278 280 282 284 286 288 290 292 294 296 298 300 302 304 306 308 310 312 314 316 318 320 322 324 326 328 330 332 334 336 338 340 342 344 346 348 350 352 354 356 358 360 362 364 366 369 372 375 378 381 384 387 389 391 393 395 397 400 
++++++++++++++++++++++++
Alpha: 3.8147e+12
Number of Segments: 147
Breakpoints: 2 4 6 9 13 17 22 27 32 36 40 44 48 52 56 59 62 65 68 71 74 77 80 83 86 88 90 92 94 96 98 100 102 104 106 108 110 112 114 116 119 122 125 128 131 134 138 142 146 150 152 154 156 158 160 162 164 166 168 170 172 174 176 178 180 182 184 186 188 190 192 194 196 198 201 203 205 207 209 211 213 215 217 219 221 223 225 227 229 231 233 235 237 239 241 243 245 247 249 251 255 259 263 267 270 273 276 279 282 285 287 289 291 293 295 297 299 301 303 305 307 309 311 313 316 319 322 325 328 331 334 337 340 343 346 350 354 358 362 366 371 376 381 385 389 392 394 396 398 400 
++++++++++++++++++++++++
Alpha: 1.90735e+13
Number of Segments: 86
Breakpoints: 2 4 7 14 22 31 39 46 53 59 65 71 76 81 86 91 95 99 103 107 111 116 121 127 133 140 147 151 153 155 158 161 164 167 170 173 176 179 182 185 189 193 197 201 205 209 213 217 220 223 226 229 232 235 238 241 244 246 248 250 257 264 270 276 281 286 291 295 299 303 307 312 317 322 327 332 338 344 351 358 366 375 383 390 394 396 398 400 
++++++++++++++++++++++++
Alpha: 9.53674e+13
Number of Segments: 45
Breakpoints: 2 5 17 32 47 60 72 83 94 104 114 125 137 150 152 156 162 168 174 181 188 196 204 212 220 227 233 239 244 248 250 263 275 286 296 306 317 328 340 353 368 383 395 398 400 
++++++++++++++++++++++++
Alpha: 2.38419e+15
Number of Segments: 12
Breakpoints: 9 59 108 152 180 214 244 263 316 365 398 400 
++++++++++++++++++++++++
Alpha: 4.76837e+14
Number of Segments: 22
Breakpoints: 3 22 49 75 98 121 147 152 163 177 193 210 226 240 249 275 298 320 345 372 396 400 
++++++++++++++++++++++++
Alpha: 1.19209e+16
Number of Segments: 6
Breakpoints: 77 157 228 291 387 400 
++++++++++++++++++++++++
Alpha: 5.96046e+16
Number of Segments: 3
Breakpoints: 168 346 400 
++++++++++++++++++++++++
Alpha: 2.98023e+17
Number of Segments: 2
Breakpoints: 323 400 
++++++++++++++++++++++++
Alpha: 0
Breakpoints: 2 4 6 8 10 12 14 16 18 20 22 24 26 28 30 32 34 36 38 40 42 44 46 48 50 52 54 56 58 60 62 64 66 68 70 72 74 76 78 80 82 84 86 88 90 92 94 96 98 100 102 104 106 108 110 112 114 116 118 120 122 124 126 128 130 132 134 136 138 140 142 144 146 148 150 152 154 156 158 160 162 164 166 168 170 172 174 176 178 180 182 184 186 188 190 192 194 196 198 200 202 204 206 208 210 212 214 216 218 220 222 224 226 228 230 232 234 236 238 240 242 244 246 248 250 252 254 256 258 260 262 264 266 268 270 272 274 276 278 280 282 284 286 288 290 292 294 296 298 300 302 304 306 308 310 312 314 316 318 320 322 324 326 328 330 332 334 336 338 340 342 344 346 348 350 352 354 356 358 360 362 364 366 368 370 372 374 376 378 380 382 384 386 388 390 392 394 396 398 
Upper:5.05606e+17 Lower: 2.86173e+11
Time: 3302.3
