timer.cu(50): warning: variable "start" was declared but never referenced

timer.cu(50): warning: variable "stop" was declared but never referenced

++++++++++++++++++++++++
Alpha: 7.62939e+11
Number of Segments: 376
Breakpoints: 2 4 6 8 10 12 15 18 21 24 27 30 33 35 37 39 41 43 45 47 49 51 53 55 57 59 61 63 65 67 69 71 73 75 77 79 81 83 85 87 89 91 93 95 97 99 101 103 105 107 109 111 113 115 117 119 121 123 125 127 129 131 133 135 137 139 141 143 145 147 150 152 154 156 158 160 162 164 166 168 170 172 174 176 178 180 182 184 186 188 190 192 194 196 198 200 202 204 206 208 210 212 214 216 218 220 222 224 226 228 230 232 234 236 238 240 242 244 246 248 250 253 256 258 260 262 264 266 268 270 272 274 276 278 280 282 284 286 288 290 292 294 296 298 300 302 304 306 308 310 312 314 316 318 320 322 324 326 328 330 332 334 336 338 340 342 344 346 348 350 352 354 356 358 360 362 364 366 369 372 375 378 381 384 387 389 391 393 395 397 399 401 403 405 407 409 411 414 417 420 423 426 429 432 435 437 439 441 443 445 447 449 451 453 455 457 459 461 463 465 467 469 471 473 475 477 479 481 483 485 487 489 491 493 495 497 499 501 503 505 507 509 511 513 515 517 519 521 523 525 527 529 531 533 535 537 539 541 543 545 547 550 552 554 556 558 560 562 564 566 568 570 572 574 576 578 580 582 584 586 588 590 592 594 596 598 600 602 604 606 608 610 612 614 616 618 620 622 624 626 628 630 632 634 636 638 640 642 644 646 648 650 653 656 658 660 662 664 666 668 670 672 674 676 678 680 682 684 686 688 690 692 694 696 698 700 702 704 706 708 710 712 714 716 718 720 722 724 726 728 730 732 734 736 738 740 742 744 746 748 750 752 754 756 758 760 762 764 766 769 772 775 778 781 784 787 789 791 793 795 797 800 
++++++++++++++++++++++++
Alpha: 3.8147e+12
Number of Segments: 297
Breakpoints: 2 4 6 9 13 17 22 27 32 36 40 44 48 52 56 59 62 65 68 71 74 77 80 83 86 88 90 92 94 96 98 100 102 104 106 108 110 112 114 116 119 122 125 128 131 134 138 142 146 150 152 154 156 158 160 162 164 166 168 170 172 174 176 178 180 182 184 186 188 190 192 194 196 198 201 203 205 207 209 211 213 215 217 219 221 223 225 227 229 231 233 235 237 239 241 243 245 247 249 251 255 259 263 267 270 273 276 279 282 285 287 289 291 293 295 297 299 301 303 305 307 309 311 313 316 319 322 325 328 331 334 337 340 343 346 350 354 358 362 366 371 376 381 385 389 392 394 396 398 400 402 404 406 409 413 417 422 427 432 436 440 444 448 452 456 459 462 465 468 471 474 477 480 483 486 488 490 492 494 496 498 500 502 504 506 508 510 512 514 516 519 522 525 528 531 534 538 542 546 550 552 554 556 558 560 562 564 566 568 570 572 574 576 578 580 582 584 586 588 590 592 594 596 598 601 603 605 607 609 611 613 615 617 619 621 623 625 627 629 631 633 635 637 639 641 643 645 647 649 651 655 659 663 667 670 673 676 679 682 685 687 689 691 693 695 697 699 701 703 705 707 709 711 713 716 719 722 725 728 731 734 737 740 743 746 750 754 758 762 766 771 776 781 785 789 792 794 796 798 800 
++++++++++++++++++++++++
Alpha: 1.90735e+13
Number of Segments: 174
Breakpoints: 2 4 7 14 22 31 39 46 53 59 65 71 76 81 86 91 95 99 103 107 111 116 121 127 133 140 147 151 153 155 158 161 164 167 170 173 176 179 182 185 189 193 197 201 205 209 213 217 220 223 226 229 232 235 238 241 244 246 248 250 257 264 270 276 281 286 291 295 299 303 307 312 317 322 327 332 338 344 351 358 366 375 383 390 394 396 398 400 402 404 407 414 422 431 439 446 453 459 465 471 476 481 486 491 495 499 503 507 511 516 521 527 533 540 547 551 553 555 558 561 564 567 570 573 576 579 582 585 589 593 597 601 605 609 613 617 620 623 626 629 632 635 638 641 644 646 648 650 657 664 670 676 681 686 691 695 699 703 707 712 717 722 727 732 738 744 751 758 766 775 783 790 794 796 798 800 
++++++++++++++++++++++++
Alpha: 9.53674e+13
Number of Segments: 90
Breakpoints: 2 5 17 32 47 60 72 83 94 104 114 125 137 150 152 156 162 168 174 181 188 196 204 212 220 227 233 239 244 248 250 263 275 286 296 306 317 328 340 353 368 383 395 398 400 402 405 417 432 447 460 472 483 494 504 514 525 537 550 552 556 562 568 574 581 588 596 604 612 620 627 633 639 644 648 650 663 675 686 696 706 717 728 740 753 768 783 795 798 800 
++++++++++++++++++++++++
Alpha: 2.38419e+15
Number of Segments: 24
Breakpoints: 9 59 108 152 180 214 244 263 316 365 398 400 409 459 508 552 580 614 644 663 716 765 798 800 
++++++++++++++++++++++++
Alpha: 4.76837e+14
Number of Segments: 45
Breakpoints: 3 22 49 75 98 121 147 152 163 177 193 210 226 240 249 275 298 320 345 372 396 399 401 405 431 458 483 505 529 551 560 574 590 607 623 637 648 654 679 702 725 751 778 797 800 
++++++++++++++++++++++++
Alpha: 1.19209e+16
Number of Segments: 12
Breakpoints: 77 157 228 291 387 403 498 564 632 695 791 800 
++++++++++++++++++++++++
Alpha: 5.96046e+16
Number of Segments: 5
Breakpoints: 168 346 506 650 800 
++++++++++++++++++++++++
Alpha: 2.98023e+17
Number of Segments: 3
Breakpoints: 323 706 800 
++++++++++++++++++++++++
Alpha: 0
Breakpoints: 2 4 6 8 10 12 14 16 18 20 22 24 26 28 30 32 34 36 38 40 42 44 46 48 50 52 54 56 58 60 62 64 66 68 70 72 74 76 78 80 82 84 86 88 90 92 94 96 98 100 102 104 106 108 110 112 114 116 118 120 122 124 126 128 130 132 134 136 138 140 142 144 146 148 150 152 154 156 158 160 162 164 166 168 170 172 174 176 178 180 182 184 186 188 190 192 194 196 198 200 202 204 206 208 210 212 214 216 218 220 222 224 226 228 230 232 234 236 238 240 242 244 246 248 250 252 254 256 258 260 262 264 266 268 270 272 274 276 278 280 282 284 286 288 290 292 294 296 298 300 302 304 306 308 310 312 314 316 318 320 322 324 326 328 330 332 334 336 338 340 342 344 346 348 350 352 354 356 358 360 362 364 366 368 370 372 374 376 378 380 382 384 386 388 390 392 394 396 398 400 402 404 406 408 410 412 414 416 418 420 422 424 426 428 430 432 434 436 438 440 442 444 446 448 450 452 454 456 458 460 462 464 466 468 470 472 474 476 478 480 482 484 486 488 490 492 494 496 498 500 502 504 506 508 510 512 514 516 518 520 522 524 526 528 530 532 534 536 538 540 542 544 546 548 550 552 554 556 558 560 562 564 566 568 570 572 574 576 578 580 582 584 586 588 590 592 594 596 598 600 602 604 606 608 610 612 614 616 618 620 622 624 626 628 630 632 634 636 638 640 642 644 646 648 650 652 654 656 658 660 662 664 666 668 670 672 674 676 678 680 682 684 686 688 690 692 694 696 698 700 702 704 706 708 710 712 714 716 718 720 722 724 726 728 730 732 734 736 738 740 742 744 746 748 750 752 754 756 758 760 762 764 766 768 770 772 774 776 778 780 782 784 786 788 790 792 794 796 798 
Upper:1.01132e+18 Lower: 2.86173e+11
Time: 7636.22
