timer.cu(50): warning: variable "start" was declared but never referenced

timer.cu(50): warning: variable "stop" was declared but never referenced

++++++++++++++++++++++++
Alpha: 15625
Number of Segments: 49
Breakpoints: 2 4 6 8 10 12 14 16 18 20 22 24 26 28 30 32 34 36 38 40 42 44 46 48 50 52 54 56 58 60 62 64 66 68 70 72 74 76 78 80 82 84 86 88 90 92 94 96 99 
++++++++++++++++++++++++
Alpha: 78125
Number of Segments: 33
Breakpoints: 3 6 9 12 15 18 21 23 26 29 32 35 38 41 44 47 51 54 57 60 63 65 68 71 74 77 80 83 86 89 92 95 99 
++++++++++++++++++++++++
Alpha: 390625
Number of Segments: 20
Breakpoints: 6 11 16 21 25 31 36 42 47 53 58 63 67 72 77 82 87 92 97 99 
++++++++++++++++++++++++
Alpha: 9.76562e+06
Number of Segments: 7
Breakpoints: 14 29 44 59 74 88 99 
++++++++++++++++++++++++
Alpha: 1.95312e+06
Number of Segments: 12
Breakpoints: 9 17 24 33 42 51 59 67 75 83 91 99 
++++++++++++++++++++++++
Alpha: 4.88281e+07
Number of Segments: 4
Breakpoints: 30 62 92 99 
++++++++++++++++++++++++
Alpha: 2.44141e+08
Number of Segments: 2
Breakpoints: 86 99 
++++++++++++++++++++++++
Alpha: 0
Breakpoints: 2 4 6 8 10 12 14 16 18 20 22 24 26 28 30 32 34 36 38 40 42 44 46 48 50 52 54 56 58 60 62 64 66 68 70 72 74 76 78 80 82 84 86 88 90 92 94 96 98 
Upper:2.90826e+08 Lower: 17938
Time: 34.24
